2021-04-12T04:02:59+00:00 CRITICAL Uncaught TypeError: Unsupported operand types: int / string in C:\xampp\htdocs\wpfp\wp-content\plugins\woocommerce\includes\wc-core-functions.php:987
Stack trace:
#0 C:\xampp\htdocs\wpfp\wp-content\plugins\woocommerce\includes\class-wc-regenerate-images.php(179): wc_get_image_size('thumbnail')
#1 C:\xampp\htdocs\wpfp\wp-includes\class-wp-hook.php(294): WC_Regenerate_Images::maybe_regenerate_images('Twenty Twenty-O...')
#2 C:\xampp\htdocs\wpfp\wp-includes\class-wp-hook.php(316): WP_Hook->apply_filters(NULL, Array)
#3 C:\xampp\htdocs\wpfp\wp-includes\plugin.php(484): WP_Hook->do_action(Array)
#4 C:\xampp\htdocs\wpfp\wp-includes\theme.php(3302): do_action('after_switch_th...', 'Twenty Twenty-O...', Object(WP_Theme))
#5 C:\xampp\htdocs\wpfp\wp-includes\class-wp-hook.php(292): check_theme_switched('')
#6 C:\xampp\htdocs\wpfp\wp-includes\class-wp-hook.php(316): WP_Hook->apply_filters(NULL, Array)
#7 C:\xampp\htdocs\wpfp\wp-includes\plugin.php(484): WP_Hook->do_action(Array)
#8 C:\xampp\htdocs\wpfp\wp-settings.php(560): do_action('init')
#9 C:\xampp\htdocs\wpfp\wp-config.php(90): require_once('C:\\xampp\\htdocs...')
#10 C:\xampp\htdocs\wpfp\wp-load.php(37): require_once('C:\\xampp\\htdocs...')
#11 C:\xampp\htdocs\wpfp\wp-admin\admin-ajax.php(22): require_once('C:\\xampp\\htdocs...')
#12 {main}
  thrown in C:\xampp\htdocs\wpfp\wp-content\plugins\woocommerce\includes\wc-core-functions.php on line 987

2021-04-12T04:02:59+00:00 CRITICAL Uncaught TypeError: Unsupported operand types: int / string in C:\xampp\htdocs\wpfp\wp-content\plugins\woocommerce\includes\wc-core-functions.php:987
Stack trace:
#0 C:\xampp\htdocs\wpfp\wp-content\plugins\woocommerce\includes\class-woocommerce.php(658): wc_get_image_size('thumbnail')
#1 C:\xampp\htdocs\wpfp\wp-includes\class-wp-hook.php(292): WooCommerce->add_image_sizes('')
#2 C:\xampp\htdocs\wpfp\wp-includes\class-wp-hook.php(316): WP_Hook->apply_filters(NULL, Array)
#3 C:\xampp\htdocs\wpfp\wp-includes\plugin.php(484): WP_Hook->do_action(Array)
#4 C:\xampp\htdocs\wpfp\wp-settings.php(560): do_action('init')
#5 C:\xampp\htdocs\wpfp\wp-config.php(90): require_once('C:\\xampp\\htdocs...')
#6 C:\xampp\htdocs\wpfp\wp-load.php(37): require_once('C:\\xampp\\htdocs...')
#7 C:\xampp\htdocs\wpfp\wp-cron.php(44): require_once('C:\\xampp\\htdocs...')
#8 {main}
  thrown in C:\xampp\htdocs\wpfp\wp-content\plugins\woocommerce\includes\wc-core-functions.php on line 987

2021-04-12T04:03:13+00:00 CRITICAL Uncaught TypeError: Unsupported operand types: int / string in C:\xampp\htdocs\wpfp\wp-content\plugins\woocommerce\includes\wc-core-functions.php:987
Stack trace:
#0 C:\xampp\htdocs\wpfp\wp-content\plugins\woocommerce\includes\class-woocommerce.php(658): wc_get_image_size('thumbnail')
#1 C:\xampp\htdocs\wpfp\wp-includes\class-wp-hook.php(292): WooCommerce->add_image_sizes('')
#2 C:\xampp\htdocs\wpfp\wp-includes\class-wp-hook.php(316): WP_Hook->apply_filters(NULL, Array)
#3 C:\xampp\htdocs\wpfp\wp-includes\plugin.php(484): WP_Hook->do_action(Array)
#4 C:\xampp\htdocs\wpfp\wp-settings.php(560): do_action('init')
#5 C:\xampp\htdocs\wpfp\wp-config.php(90): require_once('C:\\xampp\\htdocs...')
#6 C:\xampp\htdocs\wpfp\wp-load.php(37): require_once('C:\\xampp\\htdocs...')
#7 C:\xampp\htdocs\wpfp\wp-admin\admin-ajax.php(22): require_once('C:\\xampp\\htdocs...')
#8 {main}
  thrown in C:\xampp\htdocs\wpfp\wp-content\plugins\woocommerce\includes\wc-core-functions.php on line 987

2021-04-12T04:04:02+00:00 CRITICAL Uncaught TypeError: Unsupported operand types: int / string in C:\xampp\htdocs\wpfp\wp-content\plugins\woocommerce\includes\wc-core-functions.php:987
Stack trace:
#0 C:\xampp\htdocs\wpfp\wp-content\plugins\woocommerce\includes\class-woocommerce.php(658): wc_get_image_size('thumbnail')
#1 C:\xampp\htdocs\wpfp\wp-includes\class-wp-hook.php(292): WooCommerce->add_image_sizes('')
#2 C:\xampp\htdocs\wpfp\wp-includes\class-wp-hook.php(316): WP_Hook->apply_filters(NULL, Array)
#3 C:\xampp\htdocs\wpfp\wp-includes\plugin.php(484): WP_Hook->do_action(Array)
#4 C:\xampp\htdocs\wpfp\wp-settings.php(560): do_action('init')
#5 C:\xampp\htdocs\wpfp\wp-config.php(90): require_once('C:\\xampp\\htdocs...')
#6 C:\xampp\htdocs\wpfp\wp-load.php(37): require_once('C:\\xampp\\htdocs...')
#7 C:\xampp\htdocs\wpfp\wp-admin\admin-ajax.php(22): require_once('C:\\xampp\\htdocs...')
#8 {main}
  thrown in C:\xampp\htdocs\wpfp\wp-content\plugins\woocommerce\includes\wc-core-functions.php on line 987

2021-04-12T04:05:03+00:00 CRITICAL Uncaught TypeError: Unsupported operand types: int / string in C:\xampp\htdocs\wpfp\wp-content\plugins\woocommerce\includes\wc-core-functions.php:987
Stack trace:
#0 C:\xampp\htdocs\wpfp\wp-content\plugins\woocommerce\includes\class-woocommerce.php(658): wc_get_image_size('thumbnail')
#1 C:\xampp\htdocs\wpfp\wp-includes\class-wp-hook.php(292): WooCommerce->add_image_sizes('')
#2 C:\xampp\htdocs\wpfp\wp-includes\class-wp-hook.php(316): WP_Hook->apply_filters(NULL, Array)
#3 C:\xampp\htdocs\wpfp\wp-includes\plugin.php(484): WP_Hook->do_action(Array)
#4 C:\xampp\htdocs\wpfp\wp-settings.php(560): do_action('init')
#5 C:\xampp\htdocs\wpfp\wp-config.php(90): require_once('C:\\xampp\\htdocs...')
#6 C:\xampp\htdocs\wpfp\wp-load.php(37): require_once('C:\\xampp\\htdocs...')
#7 C:\xampp\htdocs\wpfp\wp-admin\admin-ajax.php(22): require_once('C:\\xampp\\htdocs...')
#8 {main}
  thrown in C:\xampp\htdocs\wpfp\wp-content\plugins\woocommerce\includes\wc-core-functions.php on line 987

2021-04-12T04:06:04+00:00 CRITICAL Uncaught TypeError: Unsupported operand types: int / string in C:\xampp\htdocs\wpfp\wp-content\plugins\woocommerce\includes\wc-core-functions.php:987
Stack trace:
#0 C:\xampp\htdocs\wpfp\wp-content\plugins\woocommerce\includes\class-woocommerce.php(658): wc_get_image_size('thumbnail')
#1 C:\xampp\htdocs\wpfp\wp-includes\class-wp-hook.php(292): WooCommerce->add_image_sizes('')
#2 C:\xampp\htdocs\wpfp\wp-includes\class-wp-hook.php(316): WP_Hook->apply_filters(NULL, Array)
#3 C:\xampp\htdocs\wpfp\wp-includes\plugin.php(484): WP_Hook->do_action(Array)
#4 C:\xampp\htdocs\wpfp\wp-settings.php(560): do_action('init')
#5 C:\xampp\htdocs\wpfp\wp-config.php(90): require_once('C:\\xampp\\htdocs...')
#6 C:\xampp\htdocs\wpfp\wp-load.php(37): require_once('C:\\xampp\\htdocs...')
#7 C:\xampp\htdocs\wpfp\wp-admin\admin-ajax.php(22): require_once('C:\\xampp\\htdocs...')
#8 {main}
  thrown in C:\xampp\htdocs\wpfp\wp-content\plugins\woocommerce\includes\wc-core-functions.php on line 987

2021-04-12T04:07:05+00:00 CRITICAL Uncaught TypeError: Unsupported operand types: int / string in C:\xampp\htdocs\wpfp\wp-content\plugins\woocommerce\includes\wc-core-functions.php:987
Stack trace:
#0 C:\xampp\htdocs\wpfp\wp-content\plugins\woocommerce\includes\class-woocommerce.php(658): wc_get_image_size('thumbnail')
#1 C:\xampp\htdocs\wpfp\wp-includes\class-wp-hook.php(292): WooCommerce->add_image_sizes('')
#2 C:\xampp\htdocs\wpfp\wp-includes\class-wp-hook.php(316): WP_Hook->apply_filters(NULL, Array)
#3 C:\xampp\htdocs\wpfp\wp-includes\plugin.php(484): WP_Hook->do_action(Array)
#4 C:\xampp\htdocs\wpfp\wp-settings.php(560): do_action('init')
#5 C:\xampp\htdocs\wpfp\wp-config.php(90): require_once('C:\\xampp\\htdocs...')
#6 C:\xampp\htdocs\wpfp\wp-load.php(37): require_once('C:\\xampp\\htdocs...')
#7 C:\xampp\htdocs\wpfp\wp-admin\admin-ajax.php(22): require_once('C:\\xampp\\htdocs...')
#8 {main}
  thrown in C:\xampp\htdocs\wpfp\wp-content\plugins\woocommerce\includes\wc-core-functions.php on line 987

2021-04-12T04:08:06+00:00 CRITICAL Uncaught TypeError: Unsupported operand types: int / string in C:\xampp\htdocs\wpfp\wp-content\plugins\woocommerce\includes\wc-core-functions.php:987
Stack trace:
#0 C:\xampp\htdocs\wpfp\wp-content\plugins\woocommerce\includes\class-woocommerce.php(658): wc_get_image_size('thumbnail')
#1 C:\xampp\htdocs\wpfp\wp-includes\class-wp-hook.php(292): WooCommerce->add_image_sizes('')
#2 C:\xampp\htdocs\wpfp\wp-includes\class-wp-hook.php(316): WP_Hook->apply_filters(NULL, Array)
#3 C:\xampp\htdocs\wpfp\wp-includes\plugin.php(484): WP_Hook->do_action(Array)
#4 C:\xampp\htdocs\wpfp\wp-settings.php(560): do_action('init')
#5 C:\xampp\htdocs\wpfp\wp-config.php(90): require_once('C:\\xampp\\htdocs...')
#6 C:\xampp\htdocs\wpfp\wp-load.php(37): require_once('C:\\xampp\\htdocs...')
#7 C:\xampp\htdocs\wpfp\wp-admin\admin-ajax.php(22): require_once('C:\\xampp\\htdocs...')
#8 {main}
  thrown in C:\xampp\htdocs\wpfp\wp-content\plugins\woocommerce\includes\wc-core-functions.php on line 987

2021-04-12T04:10:07+00:00 CRITICAL Uncaught TypeError: Unsupported operand types: int / string in C:\xampp\htdocs\wpfp\wp-content\plugins\woocommerce\includes\wc-core-functions.php:987
Stack trace:
#0 C:\xampp\htdocs\wpfp\wp-content\plugins\woocommerce\includes\class-woocommerce.php(658): wc_get_image_size('thumbnail')
#1 C:\xampp\htdocs\wpfp\wp-includes\class-wp-hook.php(292): WooCommerce->add_image_sizes('')
#2 C:\xampp\htdocs\wpfp\wp-includes\class-wp-hook.php(316): WP_Hook->apply_filters(NULL, Array)
#3 C:\xampp\htdocs\wpfp\wp-includes\plugin.php(484): WP_Hook->do_action(Array)
#4 C:\xampp\htdocs\wpfp\wp-settings.php(560): do_action('init')
#5 C:\xampp\htdocs\wpfp\wp-config.php(90): require_once('C:\\xampp\\htdocs...')
#6 C:\xampp\htdocs\wpfp\wp-load.php(37): require_once('C:\\xampp\\htdocs...')
#7 C:\xampp\htdocs\wpfp\wp-admin\admin-ajax.php(22): require_once('C:\\xampp\\htdocs...')
#8 {main}
  thrown in C:\xampp\htdocs\wpfp\wp-content\plugins\woocommerce\includes\wc-core-functions.php on line 987

2021-04-12T04:12:08+00:00 CRITICAL Uncaught TypeError: Unsupported operand types: int / string in C:\xampp\htdocs\wpfp\wp-content\plugins\woocommerce\includes\wc-core-functions.php:987
Stack trace:
#0 C:\xampp\htdocs\wpfp\wp-content\plugins\woocommerce\includes\class-woocommerce.php(658): wc_get_image_size('thumbnail')
#1 C:\xampp\htdocs\wpfp\wp-includes\class-wp-hook.php(292): WooCommerce->add_image_sizes('')
#2 C:\xampp\htdocs\wpfp\wp-includes\class-wp-hook.php(316): WP_Hook->apply_filters(NULL, Array)
#3 C:\xampp\htdocs\wpfp\wp-includes\plugin.php(484): WP_Hook->do_action(Array)
#4 C:\xampp\htdocs\wpfp\wp-settings.php(560): do_action('init')
#5 C:\xampp\htdocs\wpfp\wp-config.php(90): require_once('C:\\xampp\\htdocs...')
#6 C:\xampp\htdocs\wpfp\wp-load.php(37): require_once('C:\\xampp\\htdocs...')
#7 C:\xampp\htdocs\wpfp\wp-admin\admin-ajax.php(22): require_once('C:\\xampp\\htdocs...')
#8 {main}
  thrown in C:\xampp\htdocs\wpfp\wp-content\plugins\woocommerce\includes\wc-core-functions.php on line 987

2021-04-12T04:14:09+00:00 CRITICAL Uncaught TypeError: Unsupported operand types: int / string in C:\xampp\htdocs\wpfp\wp-content\plugins\woocommerce\includes\wc-core-functions.php:987
Stack trace:
#0 C:\xampp\htdocs\wpfp\wp-content\plugins\woocommerce\includes\class-woocommerce.php(658): wc_get_image_size('thumbnail')
#1 C:\xampp\htdocs\wpfp\wp-includes\class-wp-hook.php(292): WooCommerce->add_image_sizes('')
#2 C:\xampp\htdocs\wpfp\wp-includes\class-wp-hook.php(316): WP_Hook->apply_filters(NULL, Array)
#3 C:\xampp\htdocs\wpfp\wp-includes\plugin.php(484): WP_Hook->do_action(Array)
#4 C:\xampp\htdocs\wpfp\wp-settings.php(560): do_action('init')
#5 C:\xampp\htdocs\wpfp\wp-config.php(90): require_once('C:\\xampp\\htdocs...')
#6 C:\xampp\htdocs\wpfp\wp-load.php(37): require_once('C:\\xampp\\htdocs...')
#7 C:\xampp\htdocs\wpfp\wp-admin\admin-ajax.php(22): require_once('C:\\xampp\\htdocs...')
#8 {main}
  thrown in C:\xampp\htdocs\wpfp\wp-content\plugins\woocommerce\includes\wc-core-functions.php on line 987

2021-04-12T04:16:10+00:00 CRITICAL Uncaught TypeError: Unsupported operand types: int / string in C:\xampp\htdocs\wpfp\wp-content\plugins\woocommerce\includes\wc-core-functions.php:987
Stack trace:
#0 C:\xampp\htdocs\wpfp\wp-content\plugins\woocommerce\includes\class-woocommerce.php(658): wc_get_image_size('thumbnail')
#1 C:\xampp\htdocs\wpfp\wp-includes\class-wp-hook.php(292): WooCommerce->add_image_sizes('')
#2 C:\xampp\htdocs\wpfp\wp-includes\class-wp-hook.php(316): WP_Hook->apply_filters(NULL, Array)
#3 C:\xampp\htdocs\wpfp\wp-includes\plugin.php(484): WP_Hook->do_action(Array)
#4 C:\xampp\htdocs\wpfp\wp-settings.php(560): do_action('init')
#5 C:\xampp\htdocs\wpfp\wp-config.php(90): require_once('C:\\xampp\\htdocs...')
#6 C:\xampp\htdocs\wpfp\wp-load.php(37): require_once('C:\\xampp\\htdocs...')
#7 C:\xampp\htdocs\wpfp\wp-admin\admin-ajax.php(22): require_once('C:\\xampp\\htdocs...')
#8 {main}
  thrown in C:\xampp\htdocs\wpfp\wp-content\plugins\woocommerce\includes\wc-core-functions.php on line 987

2021-04-12T04:43:59+00:00 CRITICAL Uncaught TypeError: Unsupported operand types: int / string in C:\xampp\htdocs\wpfp\wp-content\plugins\woocommerce\includes\wc-core-functions.php:987
Stack trace:
#0 C:\xampp\htdocs\wpfp\wp-content\plugins\woocommerce\includes\class-woocommerce.php(658): wc_get_image_size('thumbnail')
#1 C:\xampp\htdocs\wpfp\wp-includes\class-wp-hook.php(292): WooCommerce->add_image_sizes('')
#2 C:\xampp\htdocs\wpfp\wp-includes\class-wp-hook.php(316): WP_Hook->apply_filters(NULL, Array)
#3 C:\xampp\htdocs\wpfp\wp-includes\plugin.php(484): WP_Hook->do_action(Array)
#4 C:\xampp\htdocs\wpfp\wp-settings.php(560): do_action('init')
#5 C:\xampp\htdocs\wpfp\wp-config.php(90): require_once('C:\\xampp\\htdocs...')
#6 C:\xampp\htdocs\wpfp\wp-load.php(37): require_once('C:\\xampp\\htdocs...')
#7 C:\xampp\htdocs\wpfp\wp-admin\admin-ajax.php(22): require_once('C:\\xampp\\htdocs...')
#8 {main}
  thrown in C:\xampp\htdocs\wpfp\wp-content\plugins\woocommerce\includes\wc-core-functions.php on line 987

2021-04-12T04:44:07+00:00 CRITICAL Uncaught TypeError: Unsupported operand types: int / string in C:\xampp\htdocs\wpfp\wp-content\plugins\woocommerce\includes\wc-core-functions.php:987
Stack trace:
#0 C:\xampp\htdocs\wpfp\wp-content\plugins\woocommerce\includes\class-woocommerce.php(658): wc_get_image_size('thumbnail')
#1 C:\xampp\htdocs\wpfp\wp-includes\class-wp-hook.php(292): WooCommerce->add_image_sizes('')
#2 C:\xampp\htdocs\wpfp\wp-includes\class-wp-hook.php(316): WP_Hook->apply_filters(NULL, Array)
#3 C:\xampp\htdocs\wpfp\wp-includes\plugin.php(484): WP_Hook->do_action(Array)
#4 C:\xampp\htdocs\wpfp\wp-settings.php(560): do_action('init')
#5 C:\xampp\htdocs\wpfp\wp-config.php(90): require_once('C:\\xampp\\htdocs...')
#6 C:\xampp\htdocs\wpfp\wp-load.php(37): require_once('C:\\xampp\\htdocs...')
#7 C:\xampp\htdocs\wpfp\wp-admin\admin.php(34): require_once('C:\\xampp\\htdocs...')
#8 C:\xampp\htdocs\wpfp\wp-admin\themes.php(10): require_once('C:\\xampp\\htdocs...')
#9 {main}
  thrown in C:\xampp\htdocs\wpfp\wp-content\plugins\woocommerce\includes\wc-core-functions.php on line 987

2021-04-12T04:44:13+00:00 CRITICAL Uncaught TypeError: Unsupported operand types: int / string in C:\xampp\htdocs\wpfp\wp-content\plugins\woocommerce\includes\wc-core-functions.php:987
Stack trace:
#0 C:\xampp\htdocs\wpfp\wp-content\plugins\woocommerce\includes\class-woocommerce.php(658): wc_get_image_size('thumbnail')
#1 C:\xampp\htdocs\wpfp\wp-includes\class-wp-hook.php(292): WooCommerce->add_image_sizes('')
#2 C:\xampp\htdocs\wpfp\wp-includes\class-wp-hook.php(316): WP_Hook->apply_filters(NULL, Array)
#3 C:\xampp\htdocs\wpfp\wp-includes\plugin.php(484): WP_Hook->do_action(Array)
#4 C:\xampp\htdocs\wpfp\wp-settings.php(560): do_action('init')
#5 C:\xampp\htdocs\wpfp\wp-config.php(90): require_once('C:\\xampp\\htdocs...')
#6 C:\xampp\htdocs\wpfp\wp-load.php(37): require_once('C:\\xampp\\htdocs...')
#7 C:\xampp\htdocs\wpfp\wp-admin\admin.php(34): require_once('C:\\xampp\\htdocs...')
#8 C:\xampp\htdocs\wpfp\wp-admin\themes.php(10): require_once('C:\\xampp\\htdocs...')
#9 {main}
  thrown in C:\xampp\htdocs\wpfp\wp-content\plugins\woocommerce\includes\wc-core-functions.php on line 987

2021-04-12T04:44:43+00:00 CRITICAL Uncaught TypeError: Unsupported operand types: int / string in C:\xampp\htdocs\wpfp\wp-content\plugins\woocommerce\includes\wc-core-functions.php:987
Stack trace:
#0 C:\xampp\htdocs\wpfp\wp-content\plugins\woocommerce\includes\class-woocommerce.php(658): wc_get_image_size('thumbnail')
#1 C:\xampp\htdocs\wpfp\wp-includes\class-wp-hook.php(292): WooCommerce->add_image_sizes('')
#2 C:\xampp\htdocs\wpfp\wp-includes\class-wp-hook.php(316): WP_Hook->apply_filters(NULL, Array)
#3 C:\xampp\htdocs\wpfp\wp-includes\plugin.php(484): WP_Hook->do_action(Array)
#4 C:\xampp\htdocs\wpfp\wp-settings.php(560): do_action('init')
#5 C:\xampp\htdocs\wpfp\wp-config.php(90): require_once('C:\\xampp\\htdocs...')
#6 C:\xampp\htdocs\wpfp\wp-load.php(37): require_once('C:\\xampp\\htdocs...')
#7 C:\xampp\htdocs\wpfp\wp-blog-header.php(13): require_once('C:\\xampp\\htdocs...')
#8 C:\xampp\htdocs\wpfp\index.php(17): require('C:\\xampp\\htdocs...')
#9 {main}
  thrown in C:\xampp\htdocs\wpfp\wp-content\plugins\woocommerce\includes\wc-core-functions.php on line 987

2021-04-12T04:45:04+00:00 CRITICAL Uncaught TypeError: Unsupported operand types: int / string in C:\xampp\htdocs\wpfp\wp-content\plugins\woocommerce\includes\wc-core-functions.php:987
Stack trace:
#0 C:\xampp\htdocs\wpfp\wp-content\plugins\woocommerce\includes\class-woocommerce.php(658): wc_get_image_size('thumbnail')
#1 C:\xampp\htdocs\wpfp\wp-includes\class-wp-hook.php(292): WooCommerce->add_image_sizes('')
#2 C:\xampp\htdocs\wpfp\wp-includes\class-wp-hook.php(316): WP_Hook->apply_filters(NULL, Array)
#3 C:\xampp\htdocs\wpfp\wp-includes\plugin.php(484): WP_Hook->do_action(Array)
#4 C:\xampp\htdocs\wpfp\wp-settings.php(560): do_action('init')
#5 C:\xampp\htdocs\wpfp\wp-config.php(90): require_once('C:\\xampp\\htdocs...')
#6 C:\xampp\htdocs\wpfp\wp-load.php(37): require_once('C:\\xampp\\htdocs...')
#7 C:\xampp\htdocs\wpfp\wp-admin\admin.php(34): require_once('C:\\xampp\\htdocs...')
#8 C:\xampp\htdocs\wpfp\wp-admin\themes.php(10): require_once('C:\\xampp\\htdocs...')
#9 {main}
  thrown in C:\xampp\htdocs\wpfp\wp-content\plugins\woocommerce\includes\wc-core-functions.php on line 987

2021-04-12T04:45:07+00:00 CRITICAL Uncaught TypeError: Unsupported operand types: int / string in C:\xampp\htdocs\wpfp\wp-content\plugins\woocommerce\includes\wc-core-functions.php:987
Stack trace:
#0 C:\xampp\htdocs\wpfp\wp-content\plugins\woocommerce\includes\class-woocommerce.php(658): wc_get_image_size('thumbnail')
#1 C:\xampp\htdocs\wpfp\wp-includes\class-wp-hook.php(292): WooCommerce->add_image_sizes('')
#2 C:\xampp\htdocs\wpfp\wp-includes\class-wp-hook.php(316): WP_Hook->apply_filters(NULL, Array)
#3 C:\xampp\htdocs\wpfp\wp-includes\plugin.php(484): WP_Hook->do_action(Array)
#4 C:\xampp\htdocs\wpfp\wp-settings.php(560): do_action('init')
#5 C:\xampp\htdocs\wpfp\wp-config.php(90): require_once('C:\\xampp\\htdocs...')
#6 C:\xampp\htdocs\wpfp\wp-load.php(37): require_once('C:\\xampp\\htdocs...')
#7 C:\xampp\htdocs\wpfp\wp-admin\admin.php(34): require_once('C:\\xampp\\htdocs...')
#8 C:\xampp\htdocs\wpfp\wp-admin\index.php(10): require_once('C:\\xampp\\htdocs...')
#9 {main}
  thrown in C:\xampp\htdocs\wpfp\wp-content\plugins\woocommerce\includes\wc-core-functions.php on line 987

2021-04-12T04:46:11+00:00 CRITICAL Uncaught TypeError: Unsupported operand types: int / string in C:\xampp\htdocs\wpfp\wp-content\plugins\woocommerce\includes\wc-core-functions.php:987
Stack trace:
#0 C:\xampp\htdocs\wpfp\wp-content\plugins\woocommerce\includes\class-woocommerce.php(658): wc_get_image_size('thumbnail')
#1 C:\xampp\htdocs\wpfp\wp-includes\class-wp-hook.php(292): WooCommerce->add_image_sizes('')
#2 C:\xampp\htdocs\wpfp\wp-includes\class-wp-hook.php(316): WP_Hook->apply_filters(NULL, Array)
#3 C:\xampp\htdocs\wpfp\wp-includes\plugin.php(484): WP_Hook->do_action(Array)
#4 C:\xampp\htdocs\wpfp\wp-settings.php(560): do_action('init')
#5 C:\xampp\htdocs\wpfp\wp-config.php(90): require_once('C:\\xampp\\htdocs...')
#6 C:\xampp\htdocs\wpfp\wp-load.php(37): require_once('C:\\xampp\\htdocs...')
#7 C:\xampp\htdocs\wpfp\wp-blog-header.php(13): require_once('C:\\xampp\\htdocs...')
#8 C:\xampp\htdocs\wpfp\index.php(17): require('C:\\xampp\\htdocs...')
#9 {main}
  thrown in C:\xampp\htdocs\wpfp\wp-content\plugins\woocommerce\includes\wc-core-functions.php on line 987

2021-04-12T05:03:45+00:00 CRITICAL Uncaught TypeError: Unsupported operand types: int / string in C:\xampp\htdocs\wpfp\wp-content\plugins\woocommerce\includes\wc-core-functions.php:987
Stack trace:
#0 C:\xampp\htdocs\wpfp\wp-content\plugins\woocommerce\includes\class-woocommerce.php(658): wc_get_image_size('thumbnail')
#1 C:\xampp\htdocs\wpfp\wp-includes\class-wp-hook.php(292): WooCommerce->add_image_sizes('')
#2 C:\xampp\htdocs\wpfp\wp-includes\class-wp-hook.php(316): WP_Hook->apply_filters(NULL, Array)
#3 C:\xampp\htdocs\wpfp\wp-includes\plugin.php(484): WP_Hook->do_action(Array)
#4 C:\xampp\htdocs\wpfp\wp-settings.php(560): do_action('init')
#5 C:\xampp\htdocs\wpfp\wp-config.php(90): require_once('C:\\xampp\\htdocs...')
#6 C:\xampp\htdocs\wpfp\wp-load.php(37): require_once('C:\\xampp\\htdocs...')
#7 C:\xampp\htdocs\wpfp\wp-blog-header.php(13): require_once('C:\\xampp\\htdocs...')
#8 C:\xampp\htdocs\wpfp\index.php(17): require('C:\\xampp\\htdocs...')
#9 {main}
  thrown in C:\xampp\htdocs\wpfp\wp-content\plugins\woocommerce\includes\wc-core-functions.php on line 987

2021-04-12T05:16:13+00:00 CRITICAL Uncaught TypeError: Unsupported operand types: int / string in C:\xampp\htdocs\wpfp\wp-content\plugins\woocommerce\includes\wc-core-functions.php:987
Stack trace:
#0 C:\xampp\htdocs\wpfp\wp-content\plugins\woocommerce\includes\class-woocommerce.php(658): wc_get_image_size('thumbnail')
#1 C:\xampp\htdocs\wpfp\wp-includes\class-wp-hook.php(292): WooCommerce->add_image_sizes('')
#2 C:\xampp\htdocs\wpfp\wp-includes\class-wp-hook.php(316): WP_Hook->apply_filters(NULL, Array)
#3 C:\xampp\htdocs\wpfp\wp-includes\plugin.php(484): WP_Hook->do_action(Array)
#4 C:\xampp\htdocs\wpfp\wp-settings.php(560): do_action('init')
#5 C:\xampp\htdocs\wpfp\wp-config.php(90): require_once('C:\\xampp\\htdocs...')
#6 C:\xampp\htdocs\wpfp\wp-load.php(37): require_once('C:\\xampp\\htdocs...')
#7 C:\xampp\htdocs\wpfp\wp-admin\admin.php(34): require_once('C:\\xampp\\htdocs...')
#8 C:\xampp\htdocs\wpfp\wp-admin\plugins.php(10): require_once('C:\\xampp\\htdocs...')
#9 {main}
  thrown in C:\xampp\htdocs\wpfp\wp-content\plugins\woocommerce\includes\wc-core-functions.php on line 987

2021-04-12T05:29:08+00:00 CRITICAL Uncaught TypeError: Unsupported operand types: int / string in C:\xampp\htdocs\wpfp\wp-content\plugins\woocommerce\includes\wc-core-functions.php:987
Stack trace:
#0 C:\xampp\htdocs\wpfp\wp-content\plugins\woocommerce\includes\class-woocommerce.php(658): wc_get_image_size('thumbnail')
#1 C:\xampp\htdocs\wpfp\wp-includes\class-wp-hook.php(292): WooCommerce->add_image_sizes('')
#2 C:\xampp\htdocs\wpfp\wp-includes\class-wp-hook.php(316): WP_Hook->apply_filters(NULL, Array)
#3 C:\xampp\htdocs\wpfp\wp-includes\plugin.php(484): WP_Hook->do_action(Array)
#4 C:\xampp\htdocs\wpfp\wp-settings.php(560): do_action('init')
#5 C:\xampp\htdocs\wpfp\wp-config.php(90): require_once('C:\\xampp\\htdocs...')
#6 C:\xampp\htdocs\wpfp\wp-load.php(37): require_once('C:\\xampp\\htdocs...')
#7 C:\xampp\htdocs\wpfp\wp-admin\admin.php(34): require_once('C:\\xampp\\htdocs...')
#8 C:\xampp\htdocs\wpfp\wp-admin\plugins.php(10): require_once('C:\\xampp\\htdocs...')
#9 {main}
  thrown in C:\xampp\htdocs\wpfp\wp-content\plugins\woocommerce\includes\wc-core-functions.php on line 987

2021-04-12T05:31:01+00:00 CRITICAL Uncaught TypeError: Unsupported operand types: int / string in C:\xampp\htdocs\wpfp\wp-content\plugins\woocommerce\includes\wc-core-functions.php:987
Stack trace:
#0 C:\xampp\htdocs\wpfp\wp-content\plugins\woocommerce\includes\class-woocommerce.php(658): wc_get_image_size('thumbnail')
#1 C:\xampp\htdocs\wpfp\wp-includes\class-wp-hook.php(292): WooCommerce->add_image_sizes('')
#2 C:\xampp\htdocs\wpfp\wp-includes\class-wp-hook.php(316): WP_Hook->apply_filters(NULL, Array)
#3 C:\xampp\htdocs\wpfp\wp-includes\plugin.php(484): WP_Hook->do_action(Array)
#4 C:\xampp\htdocs\wpfp\wp-settings.php(560): do_action('init')
#5 C:\xampp\htdocs\wpfp\wp-config.php(90): require_once('C:\\xampp\\htdocs...')
#6 C:\xampp\htdocs\wpfp\wp-load.php(37): require_once('C:\\xampp\\htdocs...')
#7 C:\xampp\htdocs\wpfp\wp-admin\admin.php(34): require_once('C:\\xampp\\htdocs...')
#8 C:\xampp\htdocs\wpfp\wp-admin\index.php(10): require_once('C:\\xampp\\htdocs...')
#9 {main}
  thrown in C:\xampp\htdocs\wpfp\wp-content\plugins\woocommerce\includes\wc-core-functions.php on line 987

2021-04-12T05:31:15+00:00 CRITICAL Uncaught TypeError: Unsupported operand types: int / string in C:\xampp\htdocs\wpfp\wp-content\plugins\woocommerce\includes\wc-core-functions.php:987
Stack trace:
#0 C:\xampp\htdocs\wpfp\wp-content\plugins\woocommerce\includes\class-woocommerce.php(658): wc_get_image_size('thumbnail')
#1 C:\xampp\htdocs\wpfp\wp-includes\class-wp-hook.php(292): WooCommerce->add_image_sizes('')
#2 C:\xampp\htdocs\wpfp\wp-includes\class-wp-hook.php(316): WP_Hook->apply_filters(NULL, Array)
#3 C:\xampp\htdocs\wpfp\wp-includes\plugin.php(484): WP_Hook->do_action(Array)
#4 C:\xampp\htdocs\wpfp\wp-settings.php(560): do_action('init')
#5 C:\xampp\htdocs\wpfp\wp-config.php(90): require_once('C:\\xampp\\htdocs...')
#6 C:\xampp\htdocs\wpfp\wp-load.php(37): require_once('C:\\xampp\\htdocs...')
#7 C:\xampp\htdocs\wpfp\wp-admin\admin.php(34): require_once('C:\\xampp\\htdocs...')
#8 C:\xampp\htdocs\wpfp\wp-admin\index.php(10): require_once('C:\\xampp\\htdocs...')
#9 {main}
  thrown in C:\xampp\htdocs\wpfp\wp-content\plugins\woocommerce\includes\wc-core-functions.php on line 987

2021-04-12T10:31:40+00:00 CRITICAL Uncaught TypeError: Unsupported operand types: int / string in C:\xampp\htdocs\wpfp\wp-content\plugins\woocommerce\includes\wc-core-functions.php:987
Stack trace:
#0 C:\xampp\htdocs\wpfp\wp-content\plugins\woocommerce\includes\class-woocommerce.php(658): wc_get_image_size('thumbnail')
#1 C:\xampp\htdocs\wpfp\wp-includes\class-wp-hook.php(292): WooCommerce->add_image_sizes('')
#2 C:\xampp\htdocs\wpfp\wp-includes\class-wp-hook.php(316): WP_Hook->apply_filters(NULL, Array)
#3 C:\xampp\htdocs\wpfp\wp-includes\plugin.php(484): WP_Hook->do_action(Array)
#4 C:\xampp\htdocs\wpfp\wp-settings.php(560): do_action('init')
#5 C:\xampp\htdocs\wpfp\wp-config.php(90): require_once('C:\\xampp\\htdocs...')
#6 C:\xampp\htdocs\wpfp\wp-load.php(37): require_once('C:\\xampp\\htdocs...')
#7 C:\xampp\htdocs\wpfp\wp-admin\admin.php(34): require_once('C:\\xampp\\htdocs...')
#8 C:\xampp\htdocs\wpfp\wp-admin\index.php(10): require_once('C:\\xampp\\htdocs...')
#9 {main}
  thrown in C:\xampp\htdocs\wpfp\wp-content\plugins\woocommerce\includes\wc-core-functions.php on line 987

2021-04-12T20:20:04+00:00 CRITICAL Uncaught TypeError: Unsupported operand types: int / string in C:\xampp\htdocs\wpfp\wp-content\plugins\woocommerce\includes\wc-core-functions.php:987
Stack trace:
#0 C:\xampp\htdocs\wpfp\wp-content\plugins\woocommerce\includes\class-woocommerce.php(658): wc_get_image_size('thumbnail')
#1 C:\xampp\htdocs\wpfp\wp-includes\class-wp-hook.php(292): WooCommerce->add_image_sizes('')
#2 C:\xampp\htdocs\wpfp\wp-includes\class-wp-hook.php(316): WP_Hook->apply_filters(NULL, Array)
#3 C:\xampp\htdocs\wpfp\wp-includes\plugin.php(484): WP_Hook->do_action(Array)
#4 C:\xampp\htdocs\wpfp\wp-settings.php(560): do_action('init')
#5 C:\xampp\htdocs\wpfp\wp-config.php(90): require_once('C:\\xampp\\htdocs...')
#6 C:\xampp\htdocs\wpfp\wp-load.php(37): require_once('C:\\xampp\\htdocs...')
#7 C:\xampp\htdocs\wpfp\wp-admin\admin.php(34): require_once('C:\\xampp\\htdocs...')
#8 C:\xampp\htdocs\wpfp\wp-admin\index.php(10): require_once('C:\\xampp\\htdocs...')
#9 {main}
  thrown in C:\xampp\htdocs\wpfp\wp-content\plugins\woocommerce\includes\wc-core-functions.php on line 987

2021-04-12T20:21:44+00:00 CRITICAL Uncaught TypeError: Unsupported operand types: int / string in C:\xampp\htdocs\wpfp\wp-content\plugins\woocommerce\includes\wc-core-functions.php:987
Stack trace:
#0 C:\xampp\htdocs\wpfp\wp-content\plugins\woocommerce\includes\class-woocommerce.php(658): wc_get_image_size('thumbnail')
#1 C:\xampp\htdocs\wpfp\wp-includes\class-wp-hook.php(292): WooCommerce->add_image_sizes('')
#2 C:\xampp\htdocs\wpfp\wp-includes\class-wp-hook.php(316): WP_Hook->apply_filters(NULL, Array)
#3 C:\xampp\htdocs\wpfp\wp-includes\plugin.php(484): WP_Hook->do_action(Array)
#4 C:\xampp\htdocs\wpfp\wp-settings.php(560): do_action('init')
#5 C:\xampp\htdocs\wpfp\wp-config.php(90): require_once('C:\\xampp\\htdocs...')
#6 C:\xampp\htdocs\wpfp\wp-load.php(37): require_once('C:\\xampp\\htdocs...')
#7 C:\xampp\htdocs\wpfp\wp-admin\admin.php(34): require_once('C:\\xampp\\htdocs...')
#8 C:\xampp\htdocs\wpfp\wp-admin\plugins.php(10): require_once('C:\\xampp\\htdocs...')
#9 {main}
  thrown in C:\xampp\htdocs\wpfp\wp-content\plugins\woocommerce\includes\wc-core-functions.php on line 987

2021-04-12T20:21:55+00:00 CRITICAL Uncaught TypeError: Unsupported operand types: int / string in C:\xampp\htdocs\wpfp\wp-content\plugins\woocommerce\includes\wc-core-functions.php:987
Stack trace:
#0 C:\xampp\htdocs\wpfp\wp-content\plugins\woocommerce\includes\class-woocommerce.php(658): wc_get_image_size('thumbnail')
#1 C:\xampp\htdocs\wpfp\wp-includes\class-wp-hook.php(292): WooCommerce->add_image_sizes('')
#2 C:\xampp\htdocs\wpfp\wp-includes\class-wp-hook.php(316): WP_Hook->apply_filters(NULL, Array)
#3 C:\xampp\htdocs\wpfp\wp-includes\plugin.php(484): WP_Hook->do_action(Array)
#4 C:\xampp\htdocs\wpfp\wp-settings.php(560): do_action('init')
#5 C:\xampp\htdocs\wpfp\wp-config.php(90): require_once('C:\\xampp\\htdocs...')
#6 C:\xampp\htdocs\wpfp\wp-load.php(37): require_once('C:\\xampp\\htdocs...')
#7 C:\xampp\htdocs\wpfp\wp-admin\admin.php(34): require_once('C:\\xampp\\htdocs...')
#8 C:\xampp\htdocs\wpfp\wp-admin\plugin-install.php(16): require_once('C:\\xampp\\htdocs...')
#9 {main}
  thrown in C:\xampp\htdocs\wpfp\wp-content\plugins\woocommerce\includes\wc-core-functions.php on line 987

2021-04-12T20:21:59+00:00 CRITICAL Uncaught TypeError: Unsupported operand types: int / string in C:\xampp\htdocs\wpfp\wp-content\plugins\woocommerce\includes\wc-core-functions.php:987
Stack trace:
#0 C:\xampp\htdocs\wpfp\wp-content\plugins\woocommerce\includes\class-woocommerce.php(658): wc_get_image_size('thumbnail')
#1 C:\xampp\htdocs\wpfp\wp-includes\class-wp-hook.php(292): WooCommerce->add_image_sizes('')
#2 C:\xampp\htdocs\wpfp\wp-includes\class-wp-hook.php(316): WP_Hook->apply_filters(NULL, Array)
#3 C:\xampp\htdocs\wpfp\wp-includes\plugin.php(484): WP_Hook->do_action(Array)
#4 C:\xampp\htdocs\wpfp\wp-settings.php(560): do_action('init')
#5 C:\xampp\htdocs\wpfp\wp-config.php(90): require_once('C:\\xampp\\htdocs...')
#6 C:\xampp\htdocs\wpfp\wp-load.php(37): require_once('C:\\xampp\\htdocs...')
#7 C:\xampp\htdocs\wpfp\wp-admin\admin-ajax.php(22): require_once('C:\\xampp\\htdocs...')
#8 {main}
  thrown in C:\xampp\htdocs\wpfp\wp-content\plugins\woocommerce\includes\wc-core-functions.php on line 987

2021-04-12T20:22:05+00:00 CRITICAL Uncaught TypeError: Unsupported operand types: int / string in C:\xampp\htdocs\wpfp\wp-content\plugins\woocommerce\includes\wc-core-functions.php:987
Stack trace:
#0 C:\xampp\htdocs\wpfp\wp-content\plugins\woocommerce\includes\class-woocommerce.php(658): wc_get_image_size('thumbnail')
#1 C:\xampp\htdocs\wpfp\wp-includes\class-wp-hook.php(292): WooCommerce->add_image_sizes('')
#2 C:\xampp\htdocs\wpfp\wp-includes\class-wp-hook.php(316): WP_Hook->apply_filters(NULL, Array)
#3 C:\xampp\htdocs\wpfp\wp-includes\plugin.php(484): WP_Hook->do_action(Array)
#4 C:\xampp\htdocs\wpfp\wp-settings.php(560): do_action('init')
#5 C:\xampp\htdocs\wpfp\wp-config.php(90): require_once('C:\\xampp\\htdocs...')
#6 C:\xampp\htdocs\wpfp\wp-load.php(37): require_once('C:\\xampp\\htdocs...')
#7 C:\xampp\htdocs\wpfp\wp-admin\admin.php(34): require_once('C:\\xampp\\htdocs...')
#8 C:\xampp\htdocs\wpfp\wp-admin\plugins.php(10): require_once('C:\\xampp\\htdocs...')
#9 {main}
  thrown in C:\xampp\htdocs\wpfp\wp-content\plugins\woocommerce\includes\wc-core-functions.php on line 987

2021-04-12T20:22:08+00:00 CRITICAL Uncaught TypeError: Unsupported operand types: int / string in C:\xampp\htdocs\wpfp\wp-content\plugins\woocommerce\includes\wc-core-functions.php:987
Stack trace:
#0 C:\xampp\htdocs\wpfp\wp-content\plugins\woocommerce\includes\class-woocommerce.php(658): wc_get_image_size('thumbnail')
#1 C:\xampp\htdocs\wpfp\wp-includes\class-wp-hook.php(292): WooCommerce->add_image_sizes('')
#2 C:\xampp\htdocs\wpfp\wp-includes\class-wp-hook.php(316): WP_Hook->apply_filters(NULL, Array)
#3 C:\xampp\htdocs\wpfp\wp-includes\plugin.php(484): WP_Hook->do_action(Array)
#4 C:\xampp\htdocs\wpfp\wp-settings.php(560): do_action('init')
#5 C:\xampp\htdocs\wpfp\wp-config.php(90): require_once('C:\\xampp\\htdocs...')
#6 C:\xampp\htdocs\wpfp\wp-load.php(37): require_once('C:\\xampp\\htdocs...')
#7 C:\xampp\htdocs\wpfp\wp-admin\admin-ajax.php(22): require_once('C:\\xampp\\htdocs...')
#8 {main}
  thrown in C:\xampp\htdocs\wpfp\wp-content\plugins\woocommerce\includes\wc-core-functions.php on line 987

2021-04-12T20:22:14+00:00 CRITICAL Uncaught TypeError: Unsupported operand types: int / string in C:\xampp\htdocs\wpfp\wp-content\plugins\woocommerce\includes\wc-core-functions.php:987
Stack trace:
#0 C:\xampp\htdocs\wpfp\wp-content\plugins\woocommerce\includes\class-woocommerce.php(658): wc_get_image_size('thumbnail')
#1 C:\xampp\htdocs\wpfp\wp-includes\class-wp-hook.php(292): WooCommerce->add_image_sizes('')
#2 C:\xampp\htdocs\wpfp\wp-includes\class-wp-hook.php(316): WP_Hook->apply_filters(NULL, Array)
#3 C:\xampp\htdocs\wpfp\wp-includes\plugin.php(484): WP_Hook->do_action(Array)
#4 C:\xampp\htdocs\wpfp\wp-settings.php(560): do_action('init')
#5 C:\xampp\htdocs\wpfp\wp-config.php(90): require_once('C:\\xampp\\htdocs...')
#6 C:\xampp\htdocs\wpfp\wp-load.php(37): require_once('C:\\xampp\\htdocs...')
#7 C:\xampp\htdocs\wpfp\wp-admin\admin.php(34): require_once('C:\\xampp\\htdocs...')
#8 C:\xampp\htdocs\wpfp\wp-admin\plugin-install.php(16): require_once('C:\\xampp\\htdocs...')
#9 {main}
  thrown in C:\xampp\htdocs\wpfp\wp-content\plugins\woocommerce\includes\wc-core-functions.php on line 987

2021-04-12T20:22:18+00:00 CRITICAL Uncaught TypeError: Unsupported operand types: int / string in C:\xampp\htdocs\wpfp\wp-content\plugins\woocommerce\includes\wc-core-functions.php:987
Stack trace:
#0 C:\xampp\htdocs\wpfp\wp-content\plugins\woocommerce\includes\class-woocommerce.php(658): wc_get_image_size('thumbnail')
#1 C:\xampp\htdocs\wpfp\wp-includes\class-wp-hook.php(292): WooCommerce->add_image_sizes('')
#2 C:\xampp\htdocs\wpfp\wp-includes\class-wp-hook.php(316): WP_Hook->apply_filters(NULL, Array)
#3 C:\xampp\htdocs\wpfp\wp-includes\plugin.php(484): WP_Hook->do_action(Array)
#4 C:\xampp\htdocs\wpfp\wp-settings.php(560): do_action('init')
#5 C:\xampp\htdocs\wpfp\wp-config.php(90): require_once('C:\\xampp\\htdocs...')
#6 C:\xampp\htdocs\wpfp\wp-load.php(37): require_once('C:\\xampp\\htdocs...')
#7 C:\xampp\htdocs\wpfp\wp-admin\admin-ajax.php(22): require_once('C:\\xampp\\htdocs...')
#8 {main}
  thrown in C:\xampp\htdocs\wpfp\wp-content\plugins\woocommerce\includes\wc-core-functions.php on line 987

2021-04-12T20:22:20+00:00 CRITICAL Uncaught TypeError: Unsupported operand types: int / string in C:\xampp\htdocs\wpfp\wp-content\plugins\woocommerce\includes\wc-core-functions.php:987
Stack trace:
#0 C:\xampp\htdocs\wpfp\wp-content\plugins\woocommerce\includes\class-woocommerce.php(658): wc_get_image_size('thumbnail')
#1 C:\xampp\htdocs\wpfp\wp-includes\class-wp-hook.php(292): WooCommerce->add_image_sizes('')
#2 C:\xampp\htdocs\wpfp\wp-includes\class-wp-hook.php(316): WP_Hook->apply_filters(NULL, Array)
#3 C:\xampp\htdocs\wpfp\wp-includes\plugin.php(484): WP_Hook->do_action(Array)
#4 C:\xampp\htdocs\wpfp\wp-settings.php(560): do_action('init')
#5 C:\xampp\htdocs\wpfp\wp-config.php(90): require_once('C:\\xampp\\htdocs...')
#6 C:\xampp\htdocs\wpfp\wp-load.php(37): require_once('C:\\xampp\\htdocs...')
#7 C:\xampp\htdocs\wpfp\wp-admin\admin.php(34): require_once('C:\\xampp\\htdocs...')
#8 C:\xampp\htdocs\wpfp\wp-admin\plugins.php(10): require_once('C:\\xampp\\htdocs...')
#9 {main}
  thrown in C:\xampp\htdocs\wpfp\wp-content\plugins\woocommerce\includes\wc-core-functions.php on line 987

2021-04-12T20:29:12+00:00 CRITICAL Uncaught TypeError: Unsupported operand types: int / string in C:\xampp\htdocs\wpfp\wp-content\plugins\woocommerce\includes\wc-core-functions.php:987
Stack trace:
#0 C:\xampp\htdocs\wpfp\wp-content\plugins\woocommerce\includes\class-woocommerce.php(658): wc_get_image_size('thumbnail')
#1 C:\xampp\htdocs\wpfp\wp-includes\class-wp-hook.php(292): WooCommerce->add_image_sizes('')
#2 C:\xampp\htdocs\wpfp\wp-includes\class-wp-hook.php(316): WP_Hook->apply_filters(NULL, Array)
#3 C:\xampp\htdocs\wpfp\wp-includes\plugin.php(484): WP_Hook->do_action(Array)
#4 C:\xampp\htdocs\wpfp\wp-settings.php(560): do_action('init')
#5 C:\xampp\htdocs\wpfp\wp-config.php(90): require_once('C:\\xampp\\htdocs...')
#6 C:\xampp\htdocs\wpfp\wp-load.php(37): require_once('C:\\xampp\\htdocs...')
#7 C:\xampp\htdocs\wpfp\wp-admin\admin-ajax.php(22): require_once('C:\\xampp\\htdocs...')
#8 {main}
  thrown in C:\xampp\htdocs\wpfp\wp-content\plugins\woocommerce\includes\wc-core-functions.php on line 987

2021-04-12T20:29:19+00:00 CRITICAL Uncaught TypeError: Unsupported operand types: int / string in C:\xampp\htdocs\wpfp\wp-content\plugins\woocommerce\includes\wc-core-functions.php:987
Stack trace:
#0 C:\xampp\htdocs\wpfp\wp-content\plugins\woocommerce\includes\class-woocommerce.php(658): wc_get_image_size('thumbnail')
#1 C:\xampp\htdocs\wpfp\wp-includes\class-wp-hook.php(292): WooCommerce->add_image_sizes('')
#2 C:\xampp\htdocs\wpfp\wp-includes\class-wp-hook.php(316): WP_Hook->apply_filters(NULL, Array)
#3 C:\xampp\htdocs\wpfp\wp-includes\plugin.php(484): WP_Hook->do_action(Array)
#4 C:\xampp\htdocs\wpfp\wp-settings.php(560): do_action('init')
#5 C:\xampp\htdocs\wpfp\wp-config.php(90): require_once('C:\\xampp\\htdocs...')
#6 C:\xampp\htdocs\wpfp\wp-load.php(37): require_once('C:\\xampp\\htdocs...')
#7 C:\xampp\htdocs\wpfp\wp-blog-header.php(13): require_once('C:\\xampp\\htdocs...')
#8 C:\xampp\htdocs\wpfp\index.php(17): require('C:\\xampp\\htdocs...')
#9 {main}
  thrown in C:\xampp\htdocs\wpfp\wp-content\plugins\woocommerce\includes\wc-core-functions.php on line 987

2021-04-12T20:29:22+00:00 CRITICAL Uncaught TypeError: Unsupported operand types: int / string in C:\xampp\htdocs\wpfp\wp-content\plugins\woocommerce\includes\wc-core-functions.php:987
Stack trace:
#0 C:\xampp\htdocs\wpfp\wp-content\plugins\woocommerce\includes\class-woocommerce.php(658): wc_get_image_size('thumbnail')
#1 C:\xampp\htdocs\wpfp\wp-includes\class-wp-hook.php(292): WooCommerce->add_image_sizes('')
#2 C:\xampp\htdocs\wpfp\wp-includes\class-wp-hook.php(316): WP_Hook->apply_filters(NULL, Array)
#3 C:\xampp\htdocs\wpfp\wp-includes\plugin.php(484): WP_Hook->do_action(Array)
#4 C:\xampp\htdocs\wpfp\wp-settings.php(560): do_action('init')
#5 C:\xampp\htdocs\wpfp\wp-config.php(90): require_once('C:\\xampp\\htdocs...')
#6 C:\xampp\htdocs\wpfp\wp-load.php(37): require_once('C:\\xampp\\htdocs...')
#7 C:\xampp\htdocs\wpfp\wp-admin\admin-ajax.php(22): require_once('C:\\xampp\\htdocs...')
#8 {main}
  thrown in C:\xampp\htdocs\wpfp\wp-content\plugins\woocommerce\includes\wc-core-functions.php on line 987

2021-04-12T20:29:47+00:00 CRITICAL Uncaught TypeError: Unsupported operand types: int / string in C:\xampp\htdocs\wpfp\wp-content\plugins\woocommerce\includes\wc-core-functions.php:987
Stack trace:
#0 C:\xampp\htdocs\wpfp\wp-content\plugins\woocommerce\includes\class-woocommerce.php(658): wc_get_image_size('thumbnail')
#1 C:\xampp\htdocs\wpfp\wp-includes\class-wp-hook.php(292): WooCommerce->add_image_sizes('')
#2 C:\xampp\htdocs\wpfp\wp-includes\class-wp-hook.php(316): WP_Hook->apply_filters(NULL, Array)
#3 C:\xampp\htdocs\wpfp\wp-includes\plugin.php(484): WP_Hook->do_action(Array)
#4 C:\xampp\htdocs\wpfp\wp-settings.php(560): do_action('init')
#5 C:\xampp\htdocs\wpfp\wp-config.php(90): require_once('C:\\xampp\\htdocs...')
#6 C:\xampp\htdocs\wpfp\wp-load.php(37): require_once('C:\\xampp\\htdocs...')
#7 C:\xampp\htdocs\wpfp\wp-admin\admin.php(34): require_once('C:\\xampp\\htdocs...')
#8 C:\xampp\htdocs\wpfp\wp-admin\plugin-install.php(16): require_once('C:\\xampp\\htdocs...')
#9 {main}
  thrown in C:\xampp\htdocs\wpfp\wp-content\plugins\woocommerce\includes\wc-core-functions.php on line 987

2021-04-12T20:41:51+00:00 CRITICAL Uncaught TypeError: Unsupported operand types: int / string in C:\xampp\htdocs\wpfp\wp-content\plugins\woocommerce\includes\wc-core-functions.php:987
Stack trace:
#0 C:\xampp\htdocs\wpfp\wp-content\plugins\woocommerce\includes\class-woocommerce.php(658): wc_get_image_size('thumbnail')
#1 C:\xampp\htdocs\wpfp\wp-includes\class-wp-hook.php(292): WooCommerce->add_image_sizes('')
#2 C:\xampp\htdocs\wpfp\wp-includes\class-wp-hook.php(316): WP_Hook->apply_filters(NULL, Array)
#3 C:\xampp\htdocs\wpfp\wp-includes\plugin.php(484): WP_Hook->do_action(Array)
#4 C:\xampp\htdocs\wpfp\wp-settings.php(560): do_action('init')
#5 C:\xampp\htdocs\wpfp\wp-config.php(90): require_once('C:\\xampp\\htdocs...')
#6 C:\xampp\htdocs\wpfp\wp-load.php(37): require_once('C:\\xampp\\htdocs...')
#7 C:\xampp\htdocs\wpfp\wp-admin\admin-ajax.php(22): require_once('C:\\xampp\\htdocs...')
#8 {main}
  thrown in C:\xampp\htdocs\wpfp\wp-content\plugins\woocommerce\includes\wc-core-functions.php on line 987

2021-04-12T20:41:56+00:00 CRITICAL Uncaught TypeError: Unsupported operand types: int / string in C:\xampp\htdocs\wpfp\wp-content\plugins\woocommerce\includes\wc-core-functions.php:987
Stack trace:
#0 C:\xampp\htdocs\wpfp\wp-content\plugins\woocommerce\includes\class-woocommerce.php(658): wc_get_image_size('thumbnail')
#1 C:\xampp\htdocs\wpfp\wp-includes\class-wp-hook.php(292): WooCommerce->add_image_sizes('')
#2 C:\xampp\htdocs\wpfp\wp-includes\class-wp-hook.php(316): WP_Hook->apply_filters(NULL, Array)
#3 C:\xampp\htdocs\wpfp\wp-includes\plugin.php(484): WP_Hook->do_action(Array)
#4 C:\xampp\htdocs\wpfp\wp-settings.php(560): do_action('init')
#5 C:\xampp\htdocs\wpfp\wp-config.php(90): require_once('C:\\xampp\\htdocs...')
#6 C:\xampp\htdocs\wpfp\wp-load.php(37): require_once('C:\\xampp\\htdocs...')
#7 C:\xampp\htdocs\wpfp\wp-admin\admin.php(34): require_once('C:\\xampp\\htdocs...')
#8 C:\xampp\htdocs\wpfp\wp-admin\plugins.php(10): require_once('C:\\xampp\\htdocs...')
#9 {main}
  thrown in C:\xampp\htdocs\wpfp\wp-content\plugins\woocommerce\includes\wc-core-functions.php on line 987

